<?xml version="1.0" encoding="UTF-8"?>
<TestRun id="69de1271-fc98-4446-a541-b890a09acb2c" name="briandek@AIOROS 2012-05-01 21:53:35" runUser="Aioros\briandek" xmlns="http://microsoft.com/schemas/VisualStudio/TeamTest/2010">
  <TestSettings name="Local" id="9fa807db-fb49-4185-8158-2ce6936dbd47">
    <Description>These are default test settings for a local test run.</Description>
    <Deployment enabled="false" runDeploymentRoot="briandek_AIOROS 2012-05-01 21_53_35">
      <DeploymentItem filename="c:\users\briandek\documents\visual studio 2010\Projects\APEX\APExplorer\bin\Debug\ApExplorer.dll" />
    </Deployment>
    <Execution>
      <TestTypeSpecific />
      <AgentRule name="Execution Agents">
      </AgentRule>
    </Execution>
  </TestSettings>
  <Times creation="2012-05-01T21:53:35.1310930-04:00" queuing="2012-05-01T21:53:35.6721239-04:00" start="2012-05-01T21:53:35.7701296-04:00" finish="2012-05-01T21:54:35.8865365-04:00" />
  <ResultSummary outcome="Completed">
    <Counters total="1" executed="1" passed="1" error="0" failed="0" timeout="0" aborted="0" inconclusive="0" passedButRunAborted="0" notRunnable="0" notExecuted="0" disconnected="0" warning="0" completed="0" inProgress="0" pending="0" />
  </ResultSummary>
  <TestDefinitions>
    <UnitTest name="GetABookTest" storage="c:\users\briandek\documents\visual studio 2010\projects\apex\apexplorer.tests\bin\debug\apexplorer.tests.dll" id="a905ff12-b913-f106-893a-6ebaecae8d68">
      <Execution id="54d1a1af-1503-46a7-ba5a-29ee182922a4" />
      <TestMethod codeBase="c:/users/briandek/documents/visual studio 2010/Projects/APEX/ApExplorer.Tests/bin/Debug/ApExplorer.Tests.DLL" adapterTypeName="Microsoft.VisualStudio.TestTools.TestTypes.Unit.UnitTestAdapter, Microsoft.VisualStudio.QualityTools.Tips.UnitTest.Adapter, Version=10.0.0.0, Culture=neutral, PublicKeyToken=b03f5f7f11d50a3a" className="ApExplorer.Tests.AmazonProductExplorerTests, ApExplorer.Tests, Version=1.0.0.0, Culture=neutral, PublicKeyToken=null" name="GetABookTest" />
    </UnitTest>
  </TestDefinitions>
  <TestLists>
    <TestList name="Results Not in a List" id="8c84fa94-04c1-424b-9868-57a2d4851a1d" />
    <TestList name="All Loaded Results" id="19431567-8539-422a-85d7-44ee4e166bda" />
  </TestLists>
  <TestEntries>
    <TestEntry testId="a905ff12-b913-f106-893a-6ebaecae8d68" executionId="54d1a1af-1503-46a7-ba5a-29ee182922a4" testListId="8c84fa94-04c1-424b-9868-57a2d4851a1d" />
  </TestEntries>
  <Results>
    <UnitTestResult executionId="54d1a1af-1503-46a7-ba5a-29ee182922a4" testId="a905ff12-b913-f106-893a-6ebaecae8d68" testName="GetABookTest" computerName="AIOROS" duration="00:00:59.3713052" startTime="2012-05-01T21:53:35.8481340-04:00" endTime="2012-05-01T21:54:35.8345335-04:00" testType="13cdc9d9-ddb5-4fa4-a97d-d965ccfc6d4b" outcome="Passed" testListId="8c84fa94-04c1-424b-9868-57a2d4851a1d" relativeResultsDirectory="54d1a1af-1503-46a7-ba5a-29ee182922a4">
      <Output>
        <DebugTrace>0470502215 : Beginning ASP.NET 4: in C# and VB (Wrox Programmer to Programmer)
1430225491 : Pro C# 2010 and the .NET 4 Platform
0596800959 : C# 4.0 in a Nutshell: The Definitive Reference
1451581718 : Introduction to C# Joes 2 Pros (C# Exam Prep 70-536)
1935182471 : C# in Depth, Second Edition
0735627045 : CLR via C#
1449380344 : Head First C#, 2E: A Learner's Guide to Real-World Programming with Visual C# and .NET (Head First Guides)
0735626707 : Microsoft Visual C# 2010 Step by Step
1430225297 : Pro ASP.NET 4 in C# 2010
1430235306 : Beginning C# Object-Oriented Programming
</DebugTrace>
      </Output>
    </UnitTestResult>
  </Results>
</TestRun>