<?xml version="1.0" encoding="UTF-8"?>
<TestRun id="11130992-ac46-4ed8-a947-297ee0236022" name="briandek@AIOROS 2012-05-01 21:34:45" runUser="Aioros\briandek" xmlns="http://microsoft.com/schemas/VisualStudio/TeamTest/2010">
  <TestSettings name="Local" id="9fa807db-fb49-4185-8158-2ce6936dbd47">
    <Description>These are default test settings for a local test run.</Description>
    <Deployment enabled="false" runDeploymentRoot="briandek_AIOROS 2012-05-01 21_34_45">
      <DeploymentItem filename="c:\users\briandek\documents\visual studio 2010\Projects\APEX\APExplorer\bin\Debug\ApExplorer.dll" />
    </Deployment>
    <Execution>
      <TestTypeSpecific />
      <AgentRule name="Execution Agents">
      </AgentRule>
    </Execution>
  </TestSettings>
  <Times creation="2012-05-01T21:34:45.2200586-04:00" queuing="2012-05-01T21:34:45.7700901-04:00" start="2012-05-01T21:34:45.8600952-04:00" finish="2012-05-01T21:35:34.5957784-04:00" />
  <ResultSummary outcome="Completed">
    <Counters total="1" executed="1" passed="1" error="0" failed="0" timeout="0" aborted="0" inconclusive="0" passedButRunAborted="0" notRunnable="0" notExecuted="0" disconnected="0" warning="0" completed="0" inProgress="0" pending="0" />
  </ResultSummary>
  <TestDefinitions>
    <UnitTest name="GetABookTest" storage="c:\users\briandek\documents\visual studio 2010\projects\apex\apexplorer.tests\bin\debug\apexplorer.tests.dll" id="a905ff12-b913-f106-893a-6ebaecae8d68">
      <Execution id="c7d0f1f8-ab92-43f4-b20f-5e67dd327ba8" />
      <TestMethod codeBase="c:/users/briandek/documents/visual studio 2010/Projects/APEX/ApExplorer.Tests/bin/Debug/ApExplorer.Tests.DLL" adapterTypeName="Microsoft.VisualStudio.TestTools.TestTypes.Unit.UnitTestAdapter, Microsoft.VisualStudio.QualityTools.Tips.UnitTest.Adapter, Version=10.0.0.0, Culture=neutral, PublicKeyToken=b03f5f7f11d50a3a" className="ApExplorer.Tests.AmazonProductExplorerTests, ApExplorer.Tests, Version=1.0.0.0, Culture=neutral, PublicKeyToken=null" name="GetABookTest" />
    </UnitTest>
  </TestDefinitions>
  <TestLists>
    <TestList name="Results Not in a List" id="8c84fa94-04c1-424b-9868-57a2d4851a1d" />
    <TestList name="All Loaded Results" id="19431567-8539-422a-85d7-44ee4e166bda" />
  </TestLists>
  <TestEntries>
    <TestEntry testId="a905ff12-b913-f106-893a-6ebaecae8d68" executionId="c7d0f1f8-ab92-43f4-b20f-5e67dd327ba8" testListId="8c84fa94-04c1-424b-9868-57a2d4851a1d" />
  </TestEntries>
  <Results>
    <UnitTestResult executionId="c7d0f1f8-ab92-43f4-b20f-5e67dd327ba8" testId="a905ff12-b913-f106-893a-6ebaecae8d68" testName="GetABookTest" computerName="AIOROS" duration="00:00:47.9746803" startTime="2012-05-01T21:34:45.9380997-04:00" endTime="2012-05-01T21:35:34.5237743-04:00" testType="13cdc9d9-ddb5-4fa4-a97d-d965ccfc6d4b" outcome="Passed" testListId="8c84fa94-04c1-424b-9868-57a2d4851a1d" relativeResultsDirectory="c7d0f1f8-ab92-43f4-b20f-5e67dd327ba8">
      <Output>
        <DebugTrace>0470502215
</DebugTrace>
      </Output>
    </UnitTestResult>
  </Results>
</TestRun>