<?xml version="1.0" encoding="UTF-8"?>
<TestRun id="cf6f59ca-15e8-4458-8c6d-2333c1fc4a82" name="briandek@AIOROS 2012-05-01 21:30:17" runUser="Aioros\briandek" xmlns="http://microsoft.com/schemas/VisualStudio/TeamTest/2010">
  <TestSettings name="Local" id="9fa807db-fb49-4185-8158-2ce6936dbd47">
    <Description>These are default test settings for a local test run.</Description>
    <Deployment enabled="false" runDeploymentRoot="briandek_AIOROS 2012-05-01 21_30_17">
      <DeploymentItem filename="c:\users\briandek\documents\visual studio 2010\Projects\APEX\APExplorer\bin\Debug\ApExplorer.dll" />
    </Deployment>
    <Execution>
      <TestTypeSpecific />
      <AgentRule name="Execution Agents">
      </AgentRule>
    </Execution>
  </TestSettings>
  <Times creation="2012-05-01T21:30:17.4684781-04:00" queuing="2012-05-01T21:30:18.0295102-04:00" start="2012-05-01T21:30:18.1135150-04:00" finish="2012-05-01T21:30:20.2176354-04:00" />
  <ResultSummary outcome="Completed">
    <Counters total="1" executed="1" passed="1" error="0" failed="0" timeout="0" aborted="0" inconclusive="0" passedButRunAborted="0" notRunnable="0" notExecuted="0" disconnected="0" warning="0" completed="0" inProgress="0" pending="0" />
  </ResultSummary>
  <TestDefinitions>
    <UnitTest name="GetABookTest" storage="c:\users\briandek\documents\visual studio 2010\projects\apex\apexplorer.tests\bin\debug\apexplorer.tests.dll" id="a905ff12-b913-f106-893a-6ebaecae8d68">
      <Execution id="abbefd02-67ac-4de4-8ca8-6385de721508" />
      <TestMethod codeBase="c:/users/briandek/documents/visual studio 2010/Projects/APEX/ApExplorer.Tests/bin/Debug/ApExplorer.Tests.DLL" adapterTypeName="Microsoft.VisualStudio.TestTools.TestTypes.Unit.UnitTestAdapter, Microsoft.VisualStudio.QualityTools.Tips.UnitTest.Adapter, Version=10.0.0.0, Culture=neutral, PublicKeyToken=b03f5f7f11d50a3a" className="ApExplorer.Tests.AmazonProductExplorerTests, ApExplorer.Tests, Version=1.0.0.0, Culture=neutral, PublicKeyToken=null" name="GetABookTest" />
    </UnitTest>
  </TestDefinitions>
  <TestLists>
    <TestList name="Results Not in a List" id="8c84fa94-04c1-424b-9868-57a2d4851a1d" />
    <TestList name="All Loaded Results" id="19431567-8539-422a-85d7-44ee4e166bda" />
  </TestLists>
  <TestEntries>
    <TestEntry testId="a905ff12-b913-f106-893a-6ebaecae8d68" executionId="abbefd02-67ac-4de4-8ca8-6385de721508" testListId="8c84fa94-04c1-424b-9868-57a2d4851a1d" />
  </TestEntries>
  <Results>
    <UnitTestResult executionId="abbefd02-67ac-4de4-8ca8-6385de721508" testId="a905ff12-b913-f106-893a-6ebaecae8d68" testName="GetABookTest" computerName="AIOROS" duration="00:00:01.3351263" startTime="2012-05-01T21:30:18.1915195-04:00" endTime="2012-05-01T21:30:20.1656324-04:00" testType="13cdc9d9-ddb5-4fa4-a97d-d965ccfc6d4b" outcome="Passed" testListId="8c84fa94-04c1-424b-9868-57a2d4851a1d" relativeResultsDirectory="abbefd02-67ac-4de4-8ca8-6385de721508">
    </UnitTestResult>
  </Results>
</TestRun>